[INFO] Scanning for projects...
[INFO] 
[INFO] ---------------------< com.example:smartjobsearch >---------------------
[INFO] Building SmartJobSearch 0.0.1-SNAPSHOT
[INFO]   from pom.xml
[INFO] --------------------------------[ jar ]---------------------------------
[INFO] 
[INFO] >>> spring-boot:3.3.5:run (default-cli) > test-compile @ smartjobsearch >>>
[INFO] 
[INFO] --- resources:3.3.1:resources (default-resources) @ smartjobsearch ---
[INFO] Copying 1 resource from src\main\resources to target\classes
[INFO] Copying 16 resources from src\main\resources to target\classes
[INFO] 
[INFO] --- compiler:3.13.0:compile (default-compile) @ smartjobsearch ---
[INFO] Nothing to compile - all classes are up to date.
[INFO] 
[INFO] --- resources:3.3.1:testResources (default-testResources) @ smartjobsearch ---
[INFO] skip non existing resourceDirectory C:\Users\kunda\zzz\Smart-Part-Time-Job-Search\src\test\resources
[INFO] 
[INFO] --- compiler:3.13.0:testCompile (default-testCompile) @ smartjobsearch ---
[INFO] Nothing to compile - all classes are up to date.
[INFO] 
[INFO] <<< spring-boot:3.3.5:run (default-cli) < test-compile @ smartjobsearch <<<
[INFO] 
[INFO] 
[INFO] --- spring-boot:3.3.5:run (default-cli) @ smartjobsearch ---
[INFO] Attaching agents: []

  .   ____          _            __ _ _
 /\\ / ___'_ __ _ _(_)_ __  __ _ \ \ \ \
( ( )\___ | '_ | '_| | '_ \/ _` | \ \ \ \
 \\/  ___)| |_)| | | | | || (_| |  ) ) ) )
  '  |____| .__|_| |_|_| |_\__, | / / / /
 =========|_|==============|___/=/_/_/_/

 :: Spring Boot ::                (v3.3.5)

2026-06-15T21:13:31.472+05:30  INFO 22452 --- [SmartJobSearch] [           main] c.e.s.SmartJobSearchApplication          : Starting SmartJobSearchApplication using Java 21.0.2 with PID 22452 (C:\Users\kunda\zzz\Smart-Part-Time-Job-Search\target\classes started by kunda in C:\Users\kunda\zzz\Smart-Part-Time-Job-Search)
2026-06-15T21:13:31.482+05:30  INFO 22452 --- [SmartJobSearch] [           main] c.e.s.SmartJobSearchApplication          : No active profile set, falling back to 1 default profile: "default"
2026-06-15T21:13:35.552+05:30  INFO 22452 --- [SmartJobSearch] [           main] .s.d.r.c.RepositoryConfigurationDelegate : Bootstrapping Spring Data JPA repositories in DEFAULT mode.
2026-06-15T21:13:35.907+05:30  INFO 22452 --- [SmartJobSearch] [           main] .s.d.r.c.RepositoryConfigurationDelegate : Finished Spring Data repository scanning in 301 ms. Found 3 JPA repository interfaces.
2026-06-15T21:13:38.656+05:30  INFO 22452 --- [SmartJobSearch] [           main] o.s.b.w.embedded.tomcat.TomcatWebServer  : Tomcat initialized with port 8080 (http)
2026-06-15T21:13:38.712+05:30  INFO 22452 --- [SmartJobSearch] [           main] o.apache.catalina.core.StandardService   : Starting service [Tomcat]
2026-06-15T21:13:38.714+05:30  INFO 22452 --- [SmartJobSearch] [           main] o.apache.catalina.core.StandardEngine    : Starting Servlet engine: [Apache Tomcat/10.1.31]
2026-06-15T21:13:38.929+05:30  INFO 22452 --- [SmartJobSearch] [           main] o.a.c.c.C.[Tomcat].[localhost].[/]       : Initializing Spring embedded WebApplicationContext
2026-06-15T21:13:38.933+05:30  INFO 22452 --- [SmartJobSearch] [           main] w.s.c.ServletWebServerApplicationContext : Root WebApplicationContext: initialization completed in 7284 ms
2026-06-15T21:13:39.438+05:30  INFO 22452 --- [SmartJobSearch] [           main] o.hibernate.jpa.internal.util.LogHelper  : HHH000204: Processing PersistenceUnitInfo [name: default]
2026-06-15T21:13:39.608+05:30  INFO 22452 --- [SmartJobSearch] [           main] org.hibernate.Version                    : HHH000412: Hibernate ORM core version 6.5.3.Final
2026-06-15T21:13:39.708+05:30  INFO 22452 --- [SmartJobSearch] [           main] o.h.c.internal.RegionFactoryInitiator    : HHH000026: Second-level cache disabled
2026-06-15T21:13:40.959+05:30  INFO 22452 --- [SmartJobSearch] [           main] o.s.o.j.p.SpringPersistenceUnitInfo      : No LoadTimeWeaver setup: ignoring JPA class transformer
2026-06-15T21:13:41.064+05:30  INFO 22452 --- [SmartJobSearch] [           main] com.zaxxer.hikari.HikariDataSource       : HikariPool-1 - Starting...
2026-06-15T21:13:42.635+05:30  INFO 22452 --- [SmartJobSearch] [           main] com.zaxxer.hikari.pool.HikariPool        : HikariPool-1 - Added connection com.mysql.cj.jdbc.ConnectionImpl@42ff9a77
2026-06-15T21:13:42.646+05:30  INFO 22452 --- [SmartJobSearch] [           main] com.zaxxer.hikari.HikariDataSource       : HikariPool-1 - Start completed.
2026-06-15T21:13:46.640+05:30  INFO 22452 --- [SmartJobSearch] [           main] o.h.e.t.j.p.i.JtaPlatformInitiator       : HHH000489: No JTA platform available (set 'hibernate.transaction.jta.platform' to enable JTA platform integration)
Hibernate: alter table user modify column bio TEXT
Hibernate: alter table user modify column certifications TEXT
Hibernate: alter table user modify column experience TEXT
Hibernate: alter table user modify column industries TEXT
Hibernate: alter table user modify column skills TEXT
2026-06-15T21:13:46.934+05:30  INFO 22452 --- [SmartJobSearch] [           main] j.LocalContainerEntityManagerFactoryBean : Initialized JPA EntityManagerFactory for persistence unit 'default'
2026-06-15T21:13:48.668+05:30  WARN 22452 --- [SmartJobSearch] [           main] JpaBaseConfiguration$JpaWebConfiguration : spring.jpa.open-in-view is enabled by default. Therefore, database queries may be performed during view rendering. Explicitly configure spring.jpa.open-in-view to disable this warning
2026-06-15T21:13:48.974+05:30  INFO 22452 --- [SmartJobSearch] [           main] o.s.b.a.w.s.WelcomePageHandlerMapping    : Adding welcome page: class path resource [static/index.html]
2026-06-15T21:13:50.576+05:30  INFO 22452 --- [SmartJobSearch] [           main] o.s.b.w.embedded.tomcat.TomcatWebServer  : Tomcat started on port 8080 (http) with context path '/'
2026-06-15T21:13:50.621+05:30  INFO 22452 --- [SmartJobSearch] [           main] c.e.s.SmartJobSearchApplication          : Started SmartJobSearchApplication in 20.576 seconds (process running for 21.635)
2026-06-15T21:46:23.932+05:30  WARN 22452 --- [SmartJobSearch] [l-1 housekeeper] com.zaxxer.hikari.pool.HikariPool        : HikariPool-1 - Thread starvation or clock leap detected (housekeeper delta=3m40s623ms799µs200ns).
[INFO] ------------------------------------------------------------------------
[INFO] BUILD FAILURE
[INFO] ------------------------------------------------------------------------
[INFO] Total time:  36:00 min
[INFO] Finished at: 2026-06-15T21:49:17+05:30
[INFO] ------------------------------------------------------------------------
[ERROR] Failed to execute goal org.springframework.boot:spring-boot-maven-plugin:3.3.5:run (default-cli) on project smartjobsearch: Process terminated with exit code: -1 -> [Help 1]
[ERROR] 
[ERROR] To see the full stack trace of the errors, re-run Maven with the -e switch.
[ERROR] Re-run Maven using the -X switch to enable full debug logging.
[ERROR] 
[ERROR] For more information about the errors and possible solutions, please read the following articles:
[ERROR] [Help 1] http://cwiki.apache.org/confluence/display/MAVEN/MojoExecutionException
